StressApp/app/build/intermediates/manifest_merge_blame_file/debug/manifest-merger-blame-debug-report.txt
1<?xml version="1.0" encoding="utf-8"?>
2<manifest xmlns:android="http://schemas.android.com/apk/res/android"
3    package="com.example.stressapp"
4    android:versionCode="1"
5    android:versionName="1.0" >
6
7    <uses-sdk
8        android:minSdkVersion="26"
8-->src\main\AndroidManifest.xml
9        android:targetSdkVersion="30" />
9-->src\main\AndroidManifest.xml
10
11    <application
11-->src\main\AndroidManifest.xml:5:5-35:19
12        android:allowBackup="true"
12-->src\main\AndroidManifest.xml:6:9-35
13        android:appComponentFactory="androidx.core.app.CoreComponentFactory"
13-->[androidx.core:core:1.3.1] AndroidManifest.xml:24:18-86
14        android:debuggable="true"
15        android:extractNativeLibs="false"
16        android:icon="@mipmap/ic_launcher"
16-->src\main\AndroidManifest.xml:7:9-43
17        android:label="@string/app_name"
17-->src\main\AndroidManifest.xml:8:9-41
18        android:roundIcon="@mipmap/ic_launcher_round"
18-->src\main\AndroidManifest.xml:9:9-54
19        android:supportsRtl="true"
19-->src\main\AndroidManifest.xml:10:9-35
20        android:testOnly="true"
21        android:theme="@style/LightPink" >
21-->src\main\AndroidManifest.xml:11:9-41
22        <activity
22-->src\main\AndroidManifest.xml:12:9-14:58
23            android:name="com.example.stressapp.Settings"
23-->src\main\AndroidManifest.xml:13:13-37
24            android:parentActivityName="com.example.stressapp.MainActivity" />
24-->src\main\AndroidManifest.xml:14:13-55
25        <activity
25-->src\main\AndroidManifest.xml:15:9-17:58
26            android:name="com.example.stressapp.InputDataTitle"
26-->src\main\AndroidManifest.xml:16:13-43
27            android:parentActivityName="com.example.stressapp.MainActivity" />
27-->src\main\AndroidManifest.xml:17:13-55
28        <activity
28-->src\main\AndroidManifest.xml:18:9-20:60
29            android:name="com.example.stressapp.InputDataInput"
29-->src\main\AndroidManifest.xml:19:13-43
30            android:parentActivityName="com.example.stressapp.InputDataTitle" />
30-->src\main\AndroidManifest.xml:20:13-57
31        <activity
31-->src\main\AndroidManifest.xml:21:9-23:57
32            android:name="com.example.stressapp.DistractionTitle"
32-->src\main\AndroidManifest.xml:22:13-45
33            android:parentActivityName="com.example.stressapp.MainActivity" />
33-->src\main\AndroidManifest.xml:23:13-55
34        <activity
34-->src\main\AndroidManifest.xml:24:9-26:61
35            android:name="com.example.stressapp.DistractionInput"
35-->src\main\AndroidManifest.xml:25:13-45
36            android:parentActivityName="com.example.stressapp.DistractionTitle" />
36-->src\main\AndroidManifest.xml:26:13-59
37        <activity android:name="com.example.stressapp.MainActivity" >
37-->src\main\AndroidManifest.xml:28:9-34:20
37-->src\main\AndroidManifest.xml:28:19-47
38            <intent-filter>
38-->src\main\AndroidManifest.xml:29:13-33:29
39                <action android:name="android.intent.action.MAIN" />
39-->src\main\AndroidManifest.xml:30:17-69
39-->src\main\AndroidManifest.xml:30:25-66
40
41                <category android:name="android.intent.category.LAUNCHER" />
41-->src\main\AndroidManifest.xml:32:17-77
41-->src\main\AndroidManifest.xml:32:27-74
42            </intent-filter>
43        </activity>
44    </application>
45
46</manifest>